<?xml version="1.0" encoding="UTF-8"?>
<!-- Generated by org.testng.reporters.JUnitReportReporter -->
<testsuite skipped="0" hostname="DESKTOP-QN5PGJA" name="testrunner.TestRunner" tests="1" failures="0" timestamp="27 Jan 2021 18:22:00 GMT" time="26.049" errors="0">
  <testcase name="runTestCase" time="26.049" classname="testrunner.TestRunner"/>
</testsuite> <!-- testrunner.TestRunner -->
